To https://github.com/quantum-nebula-dev/bisp-mockups-v3.git
   0d73363..992a118  main -> main
2026-04-08 10:14:42 — Pushed (5 commits): perf(inspired-aiglon): optimization de rendu et révélation scroll
To https://github.com/quantum-nebula-dev/bisp-mockups-v3.git
   992a118..aec629a  main -> main
2026-04-08 10:22:24 — Pushed (5 commits): refactor: normalize file paths and restructure school references
To https://github.com/quantum-nebula-dev/bisp-mockups-v3.git
   92a28ef..c2ad47c  main -> main
2026-04-08 10:40:22 — Pushed (5 commits): style(inspired-schools): refonte typographique et amélioration accessibilité
To https://github.com/quantum-nebula-dev/bisp-mockups-v3.git
 ! [remote rejected] main -> main (cannot lock ref 'refs/heads/main': is at 7184805b89af547840ab632ed774f3bf3ad57b51 but expected c2ad47ce826e4056a2be38567651d4bd9358a179)
error: failed to push some refs to 'https://github.com/quantum-nebula-dev/bisp-mockups-v3.git'
2026-04-08 10:43:12 — Push FAILED
To https://github.com/quantum-nebula-dev/bisp-mockups-v3.git
   e476664..f8f9c37  main -> main
2026-04-08 10:44:43 — Pushed (5 commits): style: refactor shadow variables and enhance hover effects
To https://github.com/quantum-nebula-dev/bisp-mockups-v3.git
   f8f9c37..d614943  main -> main
2026-04-08 10:46:29 — Pushed (5 commits): style: Accessibilité et améliorations visuelles pour sites inspired
To https://github.com/quantum-nebula-dev/bisp-mockups-v3.git
   d614943..0d4977a  main -> main
2026-04-08 10:48:02 — Pushed (5 commits): style(inspired-kentcollege-v2): mise à jour CSS et typographie
To https://github.com/quantum-nebula-dev/bisp-mockups-v3.git
   0d4977a..2fb42b7  main -> main
2026-04-08 10:49:26 — Pushed (5 commits): style: refactor typography with CSS variables in inspired-kentcollege-v2
Everything up-to-date
2026-04-08 10:52:53 — Pushed (5 commits): fix: corrections d'accents et mise à jour d'assets pour sites BISP
To https://github.com/quantum-nebula-dev/bisp-mockups-v3.git
   21c097e..48352ae  main -> main
2026-04-08 11:11:42 — Pushed (5 commits): style: refonte typographique et ajustement des heading
